<?xml version="1.0" encoding="UTF-8"?>
<!-- Generated by org.testng.reporters.JUnitReportReporter -->
<testsuite hostname="Shri" failures="0" tests="1" name="com.TestCase.testCase1" time="0.003" errors="0" timestamp="2024-05-31T13:30:18 IST" skipped="0">
  <testcase classname="com.TestCase.testCase1" name="m1" time="0.003"/>
</testsuite> <!-- com.TestCase.testCase1 -->
